[iprohub.us/jimmycal/index.html]
[backblue.gif]
[fade.gif]
[index.html]
[ajax.googleapis.com/ajax/libs/jquery/1.11.0/jquery.min.js]
[maxcdn.bootstrapcdn.com/font-awesome/4.3.0/css/font-awesome.min.css]
[iprohub.us/jimmycal/js/jquery.validate.js]
[iprohub.us/jimmycal/css/style.css]
[iprohub.us/jimmycal/js/standard.js]
[iprohub.us/jimmycal/iprologo-350x287.png]
[iprohub.us/jimmycal/indexb56f.html]
[iprohub.us/jimmycal/cal_metrix.html]
[cdnjs.cloudflare.com/ajax/libs/jquery/2.1.3/jquery.min.js]
[iprohub.us/jimmycal/js/index.js]
[iprohub.us/jimmycal/index.html]
[iprohub.us/jimmycal/css/reset.css]
[iprohub.us/jimmycal/css/core.css]
[iprohub.us/jimmycal/css/cmxformTemplate.css]
[iprohub.us/jimmycal/css/cmxform.css]
[iprohub.us/jimmycal/css/screen.css]
[maxcdn.bootstrapcdn.com/font-awesome/4.3.0/css/font-awesome.min.css]
[iprohub.us/jimmycal/css/style.css]
[iprohub.us/jimmycal/indexb56f.html]
[iprohub.us/jimmycal/cal_metrix.html]
[iprohub.us/jimmycal/css/reset.css]
[iprohub.us/jimmycal/index-2.html]
[iprohub.us/jimmycal/css/core.css]
[iprohub.us/jimmycal/css/cmxformTemplate.css]
[iprohub.us/jimmycal/css/cmxform.css]
[iprohub.us/jimmycal/index-2.html]
[iprohub.us/jimmycal/images/bg.html]
[iprohub.us/jimmycal/images/cmxform-fieldset.html]
[iprohub.us/jimmycal/images/cmxform-divider.html]
